<?xml version="1.0" encoding="UTF-8"?>
<!-- Generated by org.testng.reporters.JUnitReportReporter -->
<testsuite skipped="0" hostname="LAPTOP-HG6F6UH3" name="com.zoopla.qa.testcases.MainPageTest" tests="2" failures="0" timestamp="10 Apr 2019 01:35:42 GMT" time="21.683" errors="0">
  <testcase name="verifyMainPageTitleTest" time="8.154" classname="com.zoopla.qa.testcases.MainPageTest"/>
  <testcase name="searchInputValueTest" time="13.529" classname="com.zoopla.qa.testcases.MainPageTest"/>
</testsuite> <!-- com.zoopla.qa.testcases.MainPageTest -->
