<?xml version="1.0" encoding="UTF-8"?>
<!-- Generated by org.testng.reporters.JUnitReportReporter -->
<testsuite skipped="0" hostname="LAPTOP-HG6F6UH3" name="com.zoopla.qa.testcases.LondonSalePageTest" tests="1" failures="0" timestamp="10 Apr 2019 02:28:23 GMT" time="17.372" errors="0">
  <testcase name="priceCountTest" time="17.372" classname="com.zoopla.qa.testcases.LondonSalePageTest"/>
</testsuite> <!-- com.zoopla.qa.testcases.LondonSalePageTest -->
