<?xml version="1.0" encoding="UTF-8"?>
<!-- Generated by org.testng.reporters.JUnitReportReporter -->
<testsuite skipped="0" hostname="LAPTOP-HG6F6UH3" name="com.zoopla.qa.testcases.PropertyPageTest" tests="5" failures="0" timestamp="11 Apr 2019 02:37:59 GMT" time="79.235" errors="0">
  <testcase name="verifyPropertySalePageheadingTest" time="15.892" classname="com.zoopla.qa.testcases.PropertyPageTest"/>
  <testcase name="agentLogoTest" time="14.795" classname="com.zoopla.qa.testcases.PropertyPageTest"/>
  <testcase name="agentNameTest" time="15.240" classname="com.zoopla.qa.testcases.PropertyPageTest"/>
  <testcase name="agentPhoneTest" time="15.365" classname="com.zoopla.qa.testcases.PropertyPageTest"/>
  <testcase name="propertyAgentLabelTest" time="17.943" classname="com.zoopla.qa.testcases.PropertyPageTest"/>
</testsuite> <!-- com.zoopla.qa.testcases.PropertyPageTest -->
