<?xml version="1.0" encoding="UTF-8"?>
<!-- Generated by org.testng.reporters.JUnitReportReporter -->
<testsuite skipped="0" hostname="LAPTOP-HG6F6UH3" name="com.zoopla.qa.testcases.LondonSalePageTest" tests="1" failures="0" timestamp="11 Apr 2019 02:10:11 GMT" time="15.522" errors="0">
  <testcase name="individualPropertyPageTitle" time="15.522" classname="com.zoopla.qa.testcases.LondonSalePageTest"/>
</testsuite> <!-- com.zoopla.qa.testcases.LondonSalePageTest -->
